c:\users\chassier\documents\visual studio 2017\Projects\SuperChat\SuperChat\Events.js
c:\users\chassier\documents\visual studio 2017\Projects\SuperChat\SuperChat\Events.js.map
c:\users\chassier\documents\visual studio 2017\Projects\SuperChat\SuperChat\app\app.component.js
c:\users\chassier\documents\visual studio 2017\Projects\SuperChat\SuperChat\app\app.component.js.map
c:\users\chassier\documents\visual studio 2017\Projects\SuperChat\SuperChat\Events.js
c:\users\chassier\documents\visual studio 2017\Projects\SuperChat\SuperChat\Events.js.map
c:\users\chassier\documents\visual studio 2017\Projects\SuperChat\SuperChat\app\app.component.js
c:\users\chassier\documents\visual studio 2017\Projects\SuperChat\SuperChat\app\app.component.js.map
c:\users\chassier\documents\visual studio 2017\Projects\SuperChat\SuperChat\Events.js
c:\users\chassier\documents\visual studio 2017\Projects\SuperChat\SuperChat\Events.js.map
c:\users\chassier\documents\visual studio 2017\Projects\SuperChat\SuperChat\app\app.component.js
c:\users\chassier\documents\visual studio 2017\Projects\SuperChat\SuperChat\app\app.component.js.map
c:\users\chassier\documents\visual studio 2017\Projects\SuperChat\SuperChat\Events.js
c:\users\chassier\documents\visual studio 2017\Projects\SuperChat\SuperChat\Events.js.map
c:\users\chassier\documents\visual studio 2017\Projects\SuperChat\SuperChat\app\app.component.js
c:\users\chassier\documents\visual studio 2017\Projects\SuperChat\SuperChat\app\app.component.js.map
c:\users\chassier\documents\visual studio 2017\Projects\SuperChat\SuperChat\Events.js
c:\users\chassier\documents\visual studio 2017\Projects\SuperChat\SuperChat\Events.js.map
C:\Users\chassier\documents\visual studio 2017\Projects\SuperChat\SuperChat\app\app.component.js
C:\Users\chassier\documents\visual studio 2017\Projects\SuperChat\SuperChat\app\app.component.js.map
C:\Users\chassier\documents\visual studio 2017\Projects\SuperChat\SuperChat\Events.js
C:\Users\chassier\documents\visual studio 2017\Projects\SuperChat\SuperChat\Events.js.map
C:\Users\chassier\documents\visual studio 2017\Projects\SuperChat\SuperChat\app\app.component.js
C:\Users\chassier\documents\visual studio 2017\Projects\SuperChat\SuperChat\app\app.component.js.map
C:\Users\chassier\documents\visual studio 2017\Projects\SuperChat\SuperChat\Events.js
C:\Users\chassier\documents\visual studio 2017\Projects\SuperChat\SuperChat\Events.js.map
C:\Users\chassier\documents\visual studio 2017\Projects\SuperChat\SuperChat\app\app.component.js
C:\Users\chassier\documents\visual studio 2017\Projects\SuperChat\SuperChat\app\app.component.js.map
C:\Users\chassier\documents\visual studio 2017\Projects\SuperChat\SuperChat\Events.js
C:\Users\chassier\documents\visual studio 2017\Projects\SuperChat\SuperChat\Events.js.map
C:\Users\chassier\documents\visual studio 2017\Projects\SuperChat\SuperChat\app\app.component.js
C:\Users\chassier\documents\visual studio 2017\Projects\SuperChat\SuperChat\app\app.component.js.map
C:\Users\chassier\documents\visual studio 2017\Projects\SuperChat\SuperChat\Events.js
C:\Users\chassier\documents\visual studio 2017\Projects\SuperChat\SuperChat\Events.js.map
C:\Users\chassier\documents\visual studio 2017\Projects\SuperChat\SuperChat\app\app.component.js
C:\Users\chassier\documents\visual studio 2017\Projects\SuperChat\SuperChat\app\app.component.js.map
C:\Users\chassier\documents\visual studio 2017\Projects\SuperChat\SuperChat\Events.js
C:\Users\chassier\documents\visual studio 2017\Projects\SuperChat\SuperChat\Events.js.map
C:\Users\chassier\documents\visual studio 2017\Projects\SuperChat\SuperChat\app\app.component.js
C:\Users\chassier\documents\visual studio 2017\Projects\SuperChat\SuperChat\app\app.component.js.map
C:\Users\chassier\documents\visual studio 2017\Projects\SuperChat\SuperChat\Events.js
C:\Users\chassier\documents\visual studio 2017\Projects\SuperChat\SuperChat\Events.js.map
C:\Users\chassier\documents\visual studio 2017\Projects\SuperChat\SuperChat\app\app.component.js
C:\Users\chassier\documents\visual studio 2017\Projects\SuperChat\SuperChat\app\app.component.js.map
C:\Users\chassier\documents\visual studio 2017\Projects\SuperChat\SuperChat\Events.js
C:\Users\chassier\documents\visual studio 2017\Projects\SuperChat\SuperChat\Events.js.map
C:\Users\chassier\documents\visual studio 2017\Projects\SuperChat\SuperChat\app\app.component.js
C:\Users\chassier\documents\visual studio 2017\Projects\SuperChat\SuperChat\app\app.component.js.map
C:\Users\chassier\documents\visual studio 2017\Projects\SuperChat\SuperChat\Events.js
C:\Users\chassier\documents\visual studio 2017\Projects\SuperChat\SuperChat\Events.js.map
C:\Users\chassier\documents\visual studio 2017\Projects\SuperChat\SuperChat\app\app.component.js
C:\Users\chassier\documents\visual studio 2017\Projects\SuperChat\SuperChat\app\app.component.js.map
C:\Users\chassier\documents\visual studio 2017\Projects\SuperChat\SuperChat\Events.js
C:\Users\chassier\documents\visual studio 2017\Projects\SuperChat\SuperChat\Events.js.map
C:\Users\chassier\documents\visual studio 2017\Projects\SuperChat\SuperChat\app\app.component.js
C:\Users\chassier\documents\visual studio 2017\Projects\SuperChat\SuperChat\app\app.component.js.map
C:\Users\chassier\documents\visual studio 2017\Projects\SuperChat\SuperChat\Events.js
C:\Users\chassier\documents\visual studio 2017\Projects\SuperChat\SuperChat\Events.js.map
C:\Users\chassier\documents\visual studio 2017\Projects\SuperChat\SuperChat\app\app.component.js
C:\Users\chassier\documents\visual studio 2017\Projects\SuperChat\SuperChat\app\app.component.js.map
C:\Users\chassier\documents\visual studio 2017\Projects\SuperChat\SuperChat\Events.js
C:\Users\chassier\documents\visual studio 2017\Projects\SuperChat\SuperChat\Events.js.map
C:\Users\chassier\documents\visual studio 2017\Projects\SuperChat\SuperChat\app\app.component.js
C:\Users\chassier\documents\visual studio 2017\Projects\SuperChat\SuperChat\app\app.component.js.map
C:\Users\chassier\documents\visual studio 2017\Projects\SuperChat\SuperChat\Events.js
C:\Users\chassier\documents\visual studio 2017\Projects\SuperChat\SuperChat\Events.js.map
C:\Users\chassier\documents\visual studio 2017\Projects\SuperChat\SuperChat\app\app.component.js
C:\Users\chassier\documents\visual studio 2017\Projects\SuperChat\SuperChat\app\app.component.js.map
C:\Users\chassier\documents\visual studio 2017\Projects\SuperChat\SuperChat\Events.js
C:\Users\chassier\documents\visual studio 2017\Projects\SuperChat\SuperChat\Events.js.map
C:\Users\chassier\documents\visual studio 2017\Projects\SuperChat\SuperChat\app\app.component.js
C:\Users\chassier\documents\visual studio 2017\Projects\SuperChat\SuperChat\app\app.component.js.map
C:\Users\chassier\documents\visual studio 2017\Projects\SuperChat\SuperChat\Events.js
C:\Users\chassier\documents\visual studio 2017\Projects\SuperChat\SuperChat\Events.js.map
